<?xml version="1.0" encoding="UTF-8"?>
<testng-results ignored="0" total="1" passed="1" failed="0" skipped="0">
  <reporter-output>
  </reporter-output>
  <suite started-at="2021-03-22T12:11:52 IST" name="Suite" finished-at="2021-03-22T12:12:02 IST" duration-ms="9660">
    <groups>
    </groups>
    <test started-at="2021-03-22T12:11:52 IST" name="Test" finished-at="2021-03-22T12:12:02 IST" duration-ms="9660">
      <class name="Practice1">
        <test-method signature="display()[pri:0, instance:Practice1@6a370f4]" started-at="2021-03-22T12:11:52 IST" name="display" finished-at="2021-03-22T12:12:02 IST" duration-ms="9577" status="PASS">
          <reporter-output>
          </reporter-output>
        </test-method> <!-- display -->
      </class> <!-- Practice1 -->
    </test> <!-- Test -->
  </suite> <!-- Suite -->
</testng-results>
